--------------------------------------------------------------------------------
Release 14.7 Trace  (nt64)
Copyright (c) 1995-2013 Xilinx, Inc.  All rights reserved.

C:\Xilinx\14.7\ISE_DS\ISE\bin\nt64\unwrapped\trce.exe -intstyle ise -v 3 -s 5
-n 3 -fastpaths -xml FourBitAdder.twx FourBitAdder.ncd -o FourBitAdder.twr
FourBitAdder.pcf

Design file:              FourBitAdder.ncd
Physical constraint file: FourBitAdder.pcf
Device,package,speed:     xc3s200,pq208,-5 (PRODUCTION 1.39 2013-10-13)
Report level:             verbose report

Environment Variable      Effect 
--------------------      ------ 
NONE                      No environment variables were set
--------------------------------------------------------------------------------

INFO:Timing:2698 - No timing constraints found, doing default enumeration.
INFO:Timing:3412 - To improve timing, see the Timing Closure User Guide (UG612).
INFO:Timing:2752 - To get complete path coverage, use the unconstrained paths 
   option. All paths that are not constrained will be reported in the 
   unconstrained paths section(s) of the report.
INFO:Timing:3339 - The clock-to-out numbers in this timing report are based on 
   a 50 Ohm transmission line loading model.  For the details of this model, 
   and for more information on accounting for different loading conditions, 
   please see the device datasheet.
INFO:Timing:3390 - This architecture does not support a default System Jitter 
   value, please add SYSTEM_JITTER constraint to the UCF to modify the Clock 
   Uncertainty calculation.
INFO:Timing:3389 - This architecture does not support 'Discrete Jitter' and 
   'Phase Error' calculations, these terms will be zero in the Clock 
   Uncertainty calculation.  Please make appropriate modification to 
   SYSTEM_JITTER to account for the unsupported Discrete Jitter and Phase 
   Error.



Data Sheet report:
-----------------
All values displayed in nanoseconds (ns)

Pad to Pad
---------------+---------------+---------+
Source Pad     |Destination Pad|  Delay  |
---------------+---------------+---------+
Cin            |Cout           |    9.666|
Cin            |SUM<0>         |    7.573|
Cin            |SUM<1>         |    8.108|
Cin            |SUM<2>         |    8.946|
Cin            |SUM<3>         |   10.134|
a<0>           |Cout           |    9.830|
a<0>           |SUM<0>         |    7.471|
a<0>           |SUM<1>         |    8.272|
a<0>           |SUM<2>         |    9.110|
a<0>           |SUM<3>         |   10.298|
a<1>           |Cout           |    8.923|
a<1>           |SUM<1>         |    7.426|
a<1>           |SUM<2>         |    8.203|
a<1>           |SUM<3>         |    9.391|
a<2>           |Cout           |    7.706|
a<2>           |SUM<2>         |    7.259|
a<2>           |SUM<3>         |    8.174|
a<3>           |Cout           |    7.753|
a<3>           |SUM<3>         |    7.860|
b<0>           |Cout           |    9.423|
b<0>           |SUM<0>         |    7.115|
b<0>           |SUM<1>         |    7.865|
b<0>           |SUM<2>         |    8.703|
b<0>           |SUM<3>         |    9.891|
b<1>           |Cout           |    9.107|
b<1>           |SUM<1>         |    7.544|
b<1>           |SUM<2>         |    8.387|
b<1>           |SUM<3>         |    9.575|
b<2>           |Cout           |    8.254|
b<2>           |SUM<2>         |    7.424|
b<2>           |SUM<3>         |    8.722|
b<3>           |Cout           |    7.350|
b<3>           |SUM<3>         |    7.520|
---------------+---------------+---------+


Analysis completed Sun Jul 03 21:48:45 2022 
--------------------------------------------------------------------------------

Trace Settings:
-------------------------
Trace Settings 

Peak Memory Usage: 4489 MB



